0 info it worked if it ends with ok
1 verbose cli [ '/usr/local/bin/node', '/usr/local/bin/npm', 'install' ]
2 info using npm@2.14.20
3 info using node@v4.4.1
4 verbose readDependencies loading dependencies from /Users/erikapheby/Projects/eco-nnect/react_frontend/package.json
5 warn package.json econnect@1.0.0 No README data
6 verbose install where, deps [ '/Users/erikapheby/Projects/eco-nnect/react_frontend',
6 verbose install   [ 'css-loader',
6 verbose install     'http-server',
6 verbose install     'jquery',
6 verbose install     'jsuri',
6 verbose install     'lodash',
6 verbose install     'react',
6 verbose install     'react-dom',
6 verbose install     'react-router',
6 verbose install     'reqwest',
6 verbose install     'style-loader',
6 verbose install     'sass-loader',
6 verbose install     'url-loader',
6 verbose install     'less',
6 verbose install     'less-loader',
6 verbose install     'j-toker',
6 verbose install     'jquery-deparam',
6 verbose install     'jquery.cookie',
6 verbose install     'pubsub-js',
6 verbose install     'babel-core',
6 verbose install     'babel-jest',
6 verbose install     'babel-loader',
6 verbose install     'babel-preset-jest',
6 verbose install     'babel-preset-react',
6 verbose install     'bower',
6 verbose install     'html-webpack-plugin',
6 verbose install     'jasmine-core',
6 verbose install     'jasmine-node',
6 verbose install     'jest-cli',
6 verbose install     'karma',
6 verbose install     'karma-chrome-launcher',
6 verbose install     'karma-jasmine',
6 verbose install     'protractor',
6 verbose install     'react-addons-test-utils',
6 verbose install     'webpack',
6 verbose install     'webpack-dev-server' ] ]
7 verbose install where, peers [ '/Users/erikapheby/Projects/eco-nnect/react_frontend', [] ]
8 verbose installManyTop reading for lifecycle /Users/erikapheby/Projects/eco-nnect/react_frontend/package.json
9 info preinstall econnect@1.0.0
10 verbose installManyTop reading scoped package data from /Users/erikapheby/Projects/eco-nnect/react_frontend/node_modules/babel-core/package.json
11 verbose installManyTop reading scoped package data from /Users/erikapheby/Projects/eco-nnect/react_frontend/node_modules/babel-jest/package.json
12 verbose installManyTop reading scoped package data from /Users/erikapheby/Projects/eco-nnect/react_frontend/node_modules/babel-loader/package.json
13 verbose installManyTop reading scoped package data from /Users/erikapheby/Projects/eco-nnect/react_frontend/node_modules/babel-preset-jest/package.json
14 verbose installManyTop reading scoped package data from /Users/erikapheby/Projects/eco-nnect/react_frontend/node_modules/babel-preset-react/package.json
15 verbose installManyTop reading scoped package data from /Users/erikapheby/Projects/eco-nnect/react_frontend/node_modules/bootstrap/package.json
16 verbose installManyTop reading scoped package data from /Users/erikapheby/Projects/eco-nnect/react_frontend/node_modules/bootstrap-loader/package.json
17 verbose installManyTop reading scoped package data from /Users/erikapheby/Projects/eco-nnect/react_frontend/node_modules/bootstrap-sass/package.json
18 verbose installManyTop reading scoped package data from /Users/erikapheby/Projects/eco-nnect/react_frontend/node_modules/bootstrap-webpack/package.json
19 verbose installManyTop reading scoped package data from /Users/erikapheby/Projects/eco-nnect/react_frontend/node_modules/bower/package.json
20 verbose installManyTop reading scoped package data from /Users/erikapheby/Projects/eco-nnect/react_frontend/node_modules/css-loader/package.json
21 verbose installManyTop reading scoped package data from /Users/erikapheby/Projects/eco-nnect/react_frontend/node_modules/exports-loader/package.json
22 verbose installManyTop reading scoped package data from /Users/erikapheby/Projects/eco-nnect/react_frontend/node_modules/extract-text-webpack-plugin/package.json
23 verbose installManyTop reading scoped package data from /Users/erikapheby/Projects/eco-nnect/react_frontend/node_modules/file-loader/package.json
24 verbose installManyTop reading scoped package data from /Users/erikapheby/Projects/eco-nnect/react_frontend/node_modules/html-webpack-plugin/package.json
25 verbose installManyTop reading scoped package data from /Users/erikapheby/Projects/eco-nnect/react_frontend/node_modules/http-server/package.json
26 verbose installManyTop reading scoped package data from /Users/erikapheby/Projects/eco-nnect/react_frontend/node_modules/imports-loader/package.json
27 verbose installManyTop reading scoped package data from /Users/erikapheby/Projects/eco-nnect/react_frontend/node_modules/j-toker/package.json
28 verbose installManyTop reading scoped package data from /Users/erikapheby/Projects/eco-nnect/react_frontend/node_modules/jasmine-core/package.json
29 verbose installManyTop reading scoped package data from /Users/erikapheby/Projects/eco-nnect/react_frontend/node_modules/jasmine-node/package.json
30 verbose installManyTop reading scoped package data from /Users/erikapheby/Projects/eco-nnect/react_frontend/node_modules/jest/package.json
31 verbose installManyTop reading scoped package data from /Users/erikapheby/Projects/eco-nnect/react_frontend/node_modules/jest-cli/package.json
32 verbose installManyTop reading scoped package data from /Users/erikapheby/Projects/eco-nnect/react_frontend/node_modules/jquery/package.json
33 verbose installManyTop reading scoped package data from /Users/erikapheby/Projects/eco-nnect/react_frontend/node_modules/jsuri/package.json
34 verbose installManyTop reading scoped package data from /Users/erikapheby/Projects/eco-nnect/react_frontend/node_modules/karma/package.json
35 verbose installManyTop reading scoped package data from /Users/erikapheby/Projects/eco-nnect/react_frontend/node_modules/karma-chrome-launcher/package.json
36 verbose installManyTop reading scoped package data from /Users/erikapheby/Projects/eco-nnect/react_frontend/node_modules/karma-jasmine/package.json
37 verbose installManyTop reading scoped package data from /Users/erikapheby/Projects/eco-nnect/react_frontend/node_modules/less/package.json
38 verbose installManyTop reading scoped package data from /Users/erikapheby/Projects/eco-nnect/react_frontend/node_modules/less-loader/package.json
39 verbose installManyTop reading scoped package data from /Users/erikapheby/Projects/eco-nnect/react_frontend/node_modules/lodash/package.json
40 verbose installManyTop reading scoped package data from /Users/erikapheby/Projects/eco-nnect/react_frontend/node_modules/node-sass/package.json
41 verbose installManyTop reading scoped package data from /Users/erikapheby/Projects/eco-nnect/react_frontend/node_modules/protractor/package.json
42 verbose installManyTop reading scoped package data from /Users/erikapheby/Projects/eco-nnect/react_frontend/node_modules/react/package.json
43 verbose installManyTop reading scoped package data from /Users/erikapheby/Projects/eco-nnect/react_frontend/node_modules/react-addons-test-utils/package.json
44 verbose installManyTop reading scoped package data from /Users/erikapheby/Projects/eco-nnect/react_frontend/node_modules/react-dom/package.json
45 verbose installManyTop reading scoped package data from /Users/erikapheby/Projects/eco-nnect/react_frontend/node_modules/react-redux/package.json
46 verbose installManyTop reading scoped package data from /Users/erikapheby/Projects/eco-nnect/react_frontend/node_modules/react-router/package.json
47 verbose installManyTop reading scoped package data from /Users/erikapheby/Projects/eco-nnect/react_frontend/node_modules/react-router-bootstrap/package.json
48 verbose installManyTop reading scoped package data from /Users/erikapheby/Projects/eco-nnect/react_frontend/node_modules/react-router-redux/package.json
49 verbose installManyTop reading scoped package data from /Users/erikapheby/Projects/eco-nnect/react_frontend/node_modules/redux/package.json
50 verbose installManyTop reading scoped package data from /Users/erikapheby/Projects/eco-nnect/react_frontend/node_modules/redux-auth/package.json
51 verbose installManyTop reading scoped package data from /Users/erikapheby/Projects/eco-nnect/react_frontend/node_modules/reqwest/package.json
52 verbose installManyTop reading scoped package data from /Users/erikapheby/Projects/eco-nnect/react_frontend/node_modules/resolve-url-loader/package.json
53 verbose installManyTop reading scoped package data from /Users/erikapheby/Projects/eco-nnect/react_frontend/node_modules/sass-loader/package.json
54 verbose installManyTop reading scoped package data from /Users/erikapheby/Projects/eco-nnect/react_frontend/node_modules/style-loader/package.json
55 verbose installManyTop reading scoped package data from /Users/erikapheby/Projects/eco-nnect/react_frontend/node_modules/url-loader/package.json
56 verbose installManyTop reading scoped package data from /Users/erikapheby/Projects/eco-nnect/react_frontend/node_modules/webpack/package.json
57 verbose installManyTop reading scoped package data from /Users/erikapheby/Projects/eco-nnect/react_frontend/node_modules/webpack-dev-server/package.json
58 info package.json bootstrap-loader@2.0.0-beta.2 No README data
59 info package.json jasmine-node@1.14.5 No license field.
60 info package.json jest@13.2.3 No README data
61 info package.json react-router-redux@4.0.5 No README data
62 info package.json redux-auth@0.0.5-beta2 No README data
63 info package.json bootstrap-webpack@0.0.5 No license field.
64 info package.json exports-loader@0.6.3 No license field.
65 info package.json jsuri@1.3.1 No license field.
66 info package.json less@1.7.5 No license field.
67 info package.json less-loader@0.7.8 No license field.
68 info package.json reqwest@1.1.6 No license field.
69 verbose readDependencies loading dependencies from /Users/erikapheby/Projects/eco-nnect/react_frontend/package.json
70 verbose targetResolver reading package data from /Users/erikapheby/Projects/eco-nnect/react_frontend/node_modules/babel-core/package.json
71 verbose targetResolver reading package data from /Users/erikapheby/Projects/eco-nnect/react_frontend/node_modules/babel-jest/package.json
72 verbose targetResolver reading package data from /Users/erikapheby/Projects/eco-nnect/react_frontend/node_modules/babel-loader/package.json
73 verbose targetResolver reading package data from /Users/erikapheby/Projects/eco-nnect/react_frontend/node_modules/babel-preset-jest/package.json
74 verbose targetResolver reading package data from /Users/erikapheby/Projects/eco-nnect/react_frontend/node_modules/babel-preset-react/package.json
75 verbose targetResolver reading package data from /Users/erikapheby/Projects/eco-nnect/react_frontend/node_modules/bootstrap/package.json
76 verbose targetResolver reading package data from /Users/erikapheby/Projects/eco-nnect/react_frontend/node_modules/bootstrap-loader/package.json
77 verbose targetResolver reading package data from /Users/erikapheby/Projects/eco-nnect/react_frontend/node_modules/bootstrap-sass/package.json
78 verbose targetResolver reading package data from /Users/erikapheby/Projects/eco-nnect/react_frontend/node_modules/bootstrap-webpack/package.json
79 verbose targetResolver reading package data from /Users/erikapheby/Projects/eco-nnect/react_frontend/node_modules/bower/package.json
80 verbose targetResolver reading package data from /Users/erikapheby/Projects/eco-nnect/react_frontend/node_modules/css-loader/package.json
81 verbose targetResolver reading package data from /Users/erikapheby/Projects/eco-nnect/react_frontend/node_modules/exports-loader/package.json
82 verbose targetResolver reading package data from /Users/erikapheby/Projects/eco-nnect/react_frontend/node_modules/extract-text-webpack-plugin/package.json
83 verbose targetResolver reading package data from /Users/erikapheby/Projects/eco-nnect/react_frontend/node_modules/file-loader/package.json
84 verbose targetResolver reading package data from /Users/erikapheby/Projects/eco-nnect/react_frontend/node_modules/html-webpack-plugin/package.json
85 verbose targetResolver reading package data from /Users/erikapheby/Projects/eco-nnect/react_frontend/node_modules/http-server/package.json
86 verbose targetResolver reading package data from /Users/erikapheby/Projects/eco-nnect/react_frontend/node_modules/imports-loader/package.json
87 verbose targetResolver reading package data from /Users/erikapheby/Projects/eco-nnect/react_frontend/node_modules/j-toker/package.json
88 verbose targetResolver reading package data from /Users/erikapheby/Projects/eco-nnect/react_frontend/node_modules/jasmine-core/package.json
89 verbose targetResolver reading package data from /Users/erikapheby/Projects/eco-nnect/react_frontend/node_modules/jasmine-node/package.json
90 verbose targetResolver reading package data from /Users/erikapheby/Projects/eco-nnect/react_frontend/node_modules/jest/package.json
91 verbose targetResolver reading package data from /Users/erikapheby/Projects/eco-nnect/react_frontend/node_modules/jest-cli/package.json
92 verbose targetResolver reading package data from /Users/erikapheby/Projects/eco-nnect/react_frontend/node_modules/jquery/package.json
93 verbose targetResolver reading package data from /Users/erikapheby/Projects/eco-nnect/react_frontend/node_modules/jsuri/package.json
94 verbose targetResolver reading package data from /Users/erikapheby/Projects/eco-nnect/react_frontend/node_modules/karma/package.json
95 verbose targetResolver reading package data from /Users/erikapheby/Projects/eco-nnect/react_frontend/node_modules/karma-chrome-launcher/package.json
96 verbose targetResolver reading package data from /Users/erikapheby/Projects/eco-nnect/react_frontend/node_modules/karma-jasmine/package.json
97 verbose targetResolver reading package data from /Users/erikapheby/Projects/eco-nnect/react_frontend/node_modules/less/package.json
98 verbose targetResolver reading package data from /Users/erikapheby/Projects/eco-nnect/react_frontend/node_modules/less-loader/package.json
99 verbose targetResolver reading package data from /Users/erikapheby/Projects/eco-nnect/react_frontend/node_modules/lodash/package.json
100 verbose targetResolver reading package data from /Users/erikapheby/Projects/eco-nnect/react_frontend/node_modules/node-sass/package.json
101 verbose targetResolver reading package data from /Users/erikapheby/Projects/eco-nnect/react_frontend/node_modules/protractor/package.json
102 verbose targetResolver reading package data from /Users/erikapheby/Projects/eco-nnect/react_frontend/node_modules/react/package.json
103 verbose targetResolver reading package data from /Users/erikapheby/Projects/eco-nnect/react_frontend/node_modules/react-addons-test-utils/package.json
104 verbose targetResolver reading package data from /Users/erikapheby/Projects/eco-nnect/react_frontend/node_modules/react-dom/package.json
105 verbose targetResolver reading package data from /Users/erikapheby/Projects/eco-nnect/react_frontend/node_modules/react-redux/package.json
106 verbose targetResolver reading package data from /Users/erikapheby/Projects/eco-nnect/react_frontend/node_modules/react-router/package.json
107 verbose targetResolver reading package data from /Users/erikapheby/Projects/eco-nnect/react_frontend/node_modules/react-router-bootstrap/package.json
108 verbose targetResolver reading package data from /Users/erikapheby/Projects/eco-nnect/react_frontend/node_modules/react-router-redux/package.json
109 verbose targetResolver reading package data from /Users/erikapheby/Projects/eco-nnect/react_frontend/node_modules/redux/package.json
110 verbose targetResolver reading package data from /Users/erikapheby/Projects/eco-nnect/react_frontend/node_modules/redux-auth/package.json
111 verbose targetResolver reading package data from /Users/erikapheby/Projects/eco-nnect/react_frontend/node_modules/reqwest/package.json
112 verbose targetResolver reading package data from /Users/erikapheby/Projects/eco-nnect/react_frontend/node_modules/resolve-url-loader/package.json
113 verbose targetResolver reading package data from /Users/erikapheby/Projects/eco-nnect/react_frontend/node_modules/sass-loader/package.json
114 verbose targetResolver reading package data from /Users/erikapheby/Projects/eco-nnect/react_frontend/node_modules/style-loader/package.json
115 verbose targetResolver reading package data from /Users/erikapheby/Projects/eco-nnect/react_frontend/node_modules/url-loader/package.json
116 verbose targetResolver reading package data from /Users/erikapheby/Projects/eco-nnect/react_frontend/node_modules/webpack/package.json
117 verbose targetResolver reading package data from /Users/erikapheby/Projects/eco-nnect/react_frontend/node_modules/webpack-dev-server/package.json
118 verbose targetResolver reading package data from /Users/erikapheby/Projects/eco-nnect/react_frontend/node_modules/.bin/bower/package.json
119 verbose targetResolver reading package data from /Users/erikapheby/Projects/eco-nnect/react_frontend/node_modules/.bin/hs/package.json
120 verbose targetResolver reading package data from /Users/erikapheby/Projects/eco-nnect/react_frontend/node_modules/.bin/http-server/package.json
121 verbose targetResolver reading package data from /Users/erikapheby/Projects/eco-nnect/react_frontend/node_modules/.bin/jasmine-node/package.json
122 verbose targetResolver reading package data from /Users/erikapheby/Projects/eco-nnect/react_frontend/node_modules/.bin/jest/package.json
123 verbose targetResolver reading package data from /Users/erikapheby/Projects/eco-nnect/react_frontend/node_modules/.bin/karma/package.json
124 verbose targetResolver reading package data from /Users/erikapheby/Projects/eco-nnect/react_frontend/node_modules/.bin/lessc/package.json
125 verbose targetResolver reading package data from /Users/erikapheby/Projects/eco-nnect/react_frontend/node_modules/.bin/node-sass/package.json
126 verbose targetResolver reading package data from /Users/erikapheby/Projects/eco-nnect/react_frontend/node_modules/.bin/protractor/package.json
127 verbose targetResolver reading package data from /Users/erikapheby/Projects/eco-nnect/react_frontend/node_modules/.bin/webdriver-manager/package.json
128 verbose targetResolver reading package data from /Users/erikapheby/Projects/eco-nnect/react_frontend/node_modules/.bin/webpack/package.json
129 verbose targetResolver reading package data from /Users/erikapheby/Projects/eco-nnect/react_frontend/node_modules/.bin/webpack-dev-server/package.json
130 verbose already installed skipping html-webpack-plugin@^2.22.0 /Users/erikapheby/Projects/eco-nnect/react_frontend
131 verbose already installed skipping jasmine-core@^2.4.1 /Users/erikapheby/Projects/eco-nnect/react_frontend
132 verbose already installed skipping jasmine-node@^1.14.5 /Users/erikapheby/Projects/eco-nnect/react_frontend
133 verbose already installed skipping jest-cli@^13.2.3 /Users/erikapheby/Projects/eco-nnect/react_frontend
134 verbose already installed skipping karma@^0.13.22 /Users/erikapheby/Projects/eco-nnect/react_frontend
135 verbose already installed skipping karma-chrome-launcher@^0.2.3 /Users/erikapheby/Projects/eco-nnect/react_frontend
136 verbose already installed skipping karma-jasmine@^0.3.8 /Users/erikapheby/Projects/eco-nnect/react_frontend
137 verbose already installed skipping protractor@^3.2.2 /Users/erikapheby/Projects/eco-nnect/react_frontend
138 verbose already installed skipping react-addons-test-utils@^15.2.1 /Users/erikapheby/Projects/eco-nnect/react_frontend
139 verbose already installed skipping webpack@>=1.3.0 /Users/erikapheby/Projects/eco-nnect/react_frontend
140 verbose already installed skipping webpack-dev-server@^1.14.1 /Users/erikapheby/Projects/eco-nnect/react_frontend
141 verbose already installed skipping css-loader@^0.23.1 /Users/erikapheby/Projects/eco-nnect/react_frontend
142 verbose already installed skipping http-server@^0.9.0 /Users/erikapheby/Projects/eco-nnect/react_frontend
143 verbose already installed skipping jquery@^3.1.0 /Users/erikapheby/Projects/eco-nnect/react_frontend
144 verbose already installed skipping jsuri@^1.3.0 /Users/erikapheby/Projects/eco-nnect/react_frontend
145 verbose already installed skipping lodash@^4.14.1 /Users/erikapheby/Projects/eco-nnect/react_frontend
146 verbose already installed skipping react@^15.2.1 /Users/erikapheby/Projects/eco-nnect/react_frontend
147 verbose already installed skipping react-dom@^15.2.1 /Users/erikapheby/Projects/eco-nnect/react_frontend
148 verbose already installed skipping react-router@^2.6.0 /Users/erikapheby/Projects/eco-nnect/react_frontend
149 verbose already installed skipping reqwest@^1.1.5 /Users/erikapheby/Projects/eco-nnect/react_frontend
150 verbose already installed skipping style-loader@^0.13.1 /Users/erikapheby/Projects/eco-nnect/react_frontend
151 verbose already installed skipping sass-loader@^4.0.0 /Users/erikapheby/Projects/eco-nnect/react_frontend
152 verbose already installed skipping url-loader@^0.5.5 /Users/erikapheby/Projects/eco-nnect/react_frontend
153 verbose already installed skipping less@^1.7.5 /Users/erikapheby/Projects/eco-nnect/react_frontend
154 verbose already installed skipping less-loader@^0.7.7 /Users/erikapheby/Projects/eco-nnect/react_frontend
155 verbose already installed skipping j-toker@^0.0.10-beta3 /Users/erikapheby/Projects/eco-nnect/react_frontend
156 silly cache add args [ 'jquery-deparam@^0.1.0', null ]
157 verbose cache add spec jquery-deparam@^0.1.0
158 silly cache add parsed spec Result {
158 silly cache add   raw: 'jquery-deparam@^0.1.0',
158 silly cache add   scope: null,
158 silly cache add   name: 'jquery-deparam',
158 silly cache add   rawSpec: '^0.1.0',
158 silly cache add   spec: '>=0.1.0 <0.2.0',
158 silly cache add   type: 'range' }
159 silly addNamed jquery-deparam@>=0.1.0 <0.2.0
160 verbose addNamed ">=0.1.0 <0.2.0" is a valid semver range for jquery-deparam
161 silly addNameRange { name: 'jquery-deparam',
161 silly addNameRange   range: '>=0.1.0 <0.2.0',
161 silly addNameRange   hasData: false }
162 silly mapToRegistry name jquery-deparam
163 silly mapToRegistry using default registry
164 silly mapToRegistry registry https://registry.npmjs.org/
165 silly mapToRegistry uri https://registry.npmjs.org/jquery-deparam
166 verbose addNameRange registry:https://registry.npmjs.org/jquery-deparam not in flight; fetching
167 silly cache add args [ 'jquery.cookie@^1.4.1', null ]
168 verbose cache add spec jquery.cookie@^1.4.1
169 silly cache add parsed spec Result {
169 silly cache add   raw: 'jquery.cookie@^1.4.1',
169 silly cache add   scope: null,
169 silly cache add   name: 'jquery.cookie',
169 silly cache add   rawSpec: '^1.4.1',
169 silly cache add   spec: '>=1.4.1 <2.0.0',
169 silly cache add   type: 'range' }
170 silly addNamed jquery.cookie@>=1.4.1 <2.0.0
171 verbose addNamed ">=1.4.1 <2.0.0" is a valid semver range for jquery.cookie
172 silly addNameRange { name: 'jquery.cookie',
172 silly addNameRange   range: '>=1.4.1 <2.0.0',
172 silly addNameRange   hasData: false }
173 silly mapToRegistry name jquery.cookie
174 silly mapToRegistry using default registry
175 silly mapToRegistry registry https://registry.npmjs.org/
176 silly mapToRegistry uri https://registry.npmjs.org/jquery.cookie
177 verbose addNameRange registry:https://registry.npmjs.org/jquery.cookie not in flight; fetching
178 silly cache add args [ 'pubsub-js@^1.5.2', null ]
179 verbose cache add spec pubsub-js@^1.5.2
180 silly cache add parsed spec Result {
180 silly cache add   raw: 'pubsub-js@^1.5.2',
180 silly cache add   scope: null,
180 silly cache add   name: 'pubsub-js',
180 silly cache add   rawSpec: '^1.5.2',
180 silly cache add   spec: '>=1.5.2 <2.0.0',
180 silly cache add   type: 'range' }
181 silly addNamed pubsub-js@>=1.5.2 <2.0.0
182 verbose addNamed ">=1.5.2 <2.0.0" is a valid semver range for pubsub-js
183 silly addNameRange { name: 'pubsub-js', range: '>=1.5.2 <2.0.0', hasData: false }
184 silly mapToRegistry name pubsub-js
185 silly mapToRegistry using default registry
186 silly mapToRegistry registry https://registry.npmjs.org/
187 silly mapToRegistry uri https://registry.npmjs.org/pubsub-js
188 verbose addNameRange registry:https://registry.npmjs.org/pubsub-js not in flight; fetching
189 verbose already installed skipping babel-core@^6.11.4 /Users/erikapheby/Projects/eco-nnect/react_frontend
190 verbose already installed skipping babel-jest@^13.2.2 /Users/erikapheby/Projects/eco-nnect/react_frontend
191 verbose already installed skipping babel-loader@^6.2.4 /Users/erikapheby/Projects/eco-nnect/react_frontend
192 verbose already installed skipping babel-preset-jest@^13.2.2 /Users/erikapheby/Projects/eco-nnect/react_frontend
193 verbose already installed skipping babel-preset-react@^6.11.1 /Users/erikapheby/Projects/eco-nnect/react_frontend
194 verbose already installed skipping bower@^1.7.9 /Users/erikapheby/Projects/eco-nnect/react_frontend
195 verbose request uri https://registry.npmjs.org/jquery-deparam
196 verbose request no auth needed
197 info attempt registry request try #1 at 2:04:19 PM
198 verbose request id 16f82d0cbd8edff8
199 verbose etag "BB0B0NEQGSC31KRL6PHX6YBWK"
200 http request GET https://registry.npmjs.org/jquery-deparam
201 verbose request uri https://registry.npmjs.org/pubsub-js
202 verbose request no auth needed
203 info attempt registry request try #1 at 2:04:19 PM
204 verbose etag "8ABFANITBWXIZ98QAAK75ZRBR"
205 http request GET https://registry.npmjs.org/pubsub-js
206 verbose request uri https://registry.npmjs.org/jquery.cookie
207 verbose request no auth needed
208 info attempt registry request try #1 at 2:04:19 PM
209 verbose etag "7CY6QH6LJ64NESDFFLLT3DUQ7"
210 http request GET https://registry.npmjs.org/jquery.cookie
211 http 304 https://registry.npmjs.org/pubsub-js
212 verbose headers { date: 'Wed, 10 Aug 2016 13:03:21 GMT',
212 verbose headers   via: '1.1 varnish',
212 verbose headers   'cache-control': 'max-age=300',
212 verbose headers   etag: '"8ABFANITBWXIZ98QAAK75ZRBR"',
212 verbose headers   age: '143',
212 verbose headers   connection: 'keep-alive',
212 verbose headers   'x-served-by': 'cache-lcy1128-LCY',
212 verbose headers   'x-cache': 'HIT',
212 verbose headers   'x-cache-hits': '1',
212 verbose headers   'x-timer': 'S1470834201.016454,VS0,VE0',
212 verbose headers   vary: 'Accept-Encoding' }
213 silly get cb [ 304,
213 silly get   { date: 'Wed, 10 Aug 2016 13:03:21 GMT',
213 silly get     via: '1.1 varnish',
213 silly get     'cache-control': 'max-age=300',
213 silly get     etag: '"8ABFANITBWXIZ98QAAK75ZRBR"',
213 silly get     age: '143',
213 silly get     connection: 'keep-alive',
213 silly get     'x-served-by': 'cache-lcy1128-LCY',
213 silly get     'x-cache': 'HIT',
213 silly get     'x-cache-hits': '1',
213 silly get     'x-timer': 'S1470834201.016454,VS0,VE0',
213 silly get     vary: 'Accept-Encoding' } ]
214 verbose etag https://registry.npmjs.org/pubsub-js from cache
215 verbose get saving pubsub-js to /Users/erikapheby/.npm/registry.npmjs.org/pubsub-js/.cache.json
216 verbose correctMkdir /Users/erikapheby/.npm correctMkdir not in flight; initializing
217 http 304 https://registry.npmjs.org/jquery-deparam
218 verbose headers { date: 'Wed, 10 Aug 2016 13:03:21 GMT',
218 verbose headers   via: '1.1 varnish',
218 verbose headers   'cache-control': 'max-age=300',
218 verbose headers   etag: '"BB0B0NEQGSC31KRL6PHX6YBWK"',
218 verbose headers   age: '143',
218 verbose headers   connection: 'keep-alive',
218 verbose headers   'x-served-by': 'cache-lcy1133-LCY',
218 verbose headers   'x-cache': 'HIT',
218 verbose headers   'x-cache-hits': '1',
218 verbose headers   'x-timer': 'S1470834201.018842,VS0,VE0',
218 verbose headers   vary: 'Accept-Encoding' }
219 silly get cb [ 304,
219 silly get   { date: 'Wed, 10 Aug 2016 13:03:21 GMT',
219 silly get     via: '1.1 varnish',
219 silly get     'cache-control': 'max-age=300',
219 silly get     etag: '"BB0B0NEQGSC31KRL6PHX6YBWK"',
219 silly get     age: '143',
219 silly get     connection: 'keep-alive',
219 silly get     'x-served-by': 'cache-lcy1133-LCY',
219 silly get     'x-cache': 'HIT',
219 silly get     'x-cache-hits': '1',
219 silly get     'x-timer': 'S1470834201.018842,VS0,VE0',
219 silly get     vary: 'Accept-Encoding' } ]
220 verbose etag https://registry.npmjs.org/jquery-deparam from cache
221 verbose get saving jquery-deparam to /Users/erikapheby/.npm/registry.npmjs.org/jquery-deparam/.cache.json
222 verbose correctMkdir /Users/erikapheby/.npm correctMkdir already in flight; waiting
223 http 304 https://registry.npmjs.org/jquery.cookie
224 verbose headers { date: 'Wed, 10 Aug 2016 13:03:21 GMT',
224 verbose headers   via: '1.1 varnish',
224 verbose headers   'cache-control': 'max-age=300',
224 verbose headers   etag: '"7CY6QH6LJ64NESDFFLLT3DUQ7"',
224 verbose headers   age: '143',
224 verbose headers   connection: 'keep-alive',
224 verbose headers   'x-served-by': 'cache-lcy1126-LCY',
224 verbose headers   'x-cache': 'HIT',
224 verbose headers   'x-cache-hits': '1',
224 verbose headers   'x-timer': 'S1470834201.022189,VS0,VE0',
224 verbose headers   vary: 'Accept-Encoding' }
225 silly get cb [ 304,
225 silly get   { date: 'Wed, 10 Aug 2016 13:03:21 GMT',
225 silly get     via: '1.1 varnish',
225 silly get     'cache-control': 'max-age=300',
225 silly get     etag: '"7CY6QH6LJ64NESDFFLLT3DUQ7"',
225 silly get     age: '143',
225 silly get     connection: 'keep-alive',
225 silly get     'x-served-by': 'cache-lcy1126-LCY',
225 silly get     'x-cache': 'HIT',
225 silly get     'x-cache-hits': '1',
225 silly get     'x-timer': 'S1470834201.022189,VS0,VE0',
225 silly get     vary: 'Accept-Encoding' } ]
226 verbose etag https://registry.npmjs.org/jquery.cookie from cache
227 verbose get saving jquery.cookie to /Users/erikapheby/.npm/registry.npmjs.org/jquery.cookie/.cache.json
228 verbose correctMkdir /Users/erikapheby/.npm correctMkdir not in flight; initializing
229 silly addNameRange number 2 { name: 'jquery-deparam',
229 silly addNameRange   range: '>=0.1.0 <0.2.0',
229 silly addNameRange   hasData: true }
230 silly addNameRange versions [ 'jquery-deparam',
230 silly addNameRange   [ '0.1.0', '0.3.0', '0.4.0', '0.4.1', '0.4.2', '0.5.1', '0.5.2' ] ]
231 silly addNamed jquery-deparam@0.1.0
232 verbose addNamed "0.1.0" is a plain semver version for jquery-deparam
233 silly addNameRange number 2 { name: 'jquery.cookie', range: '>=1.4.1 <2.0.0', hasData: true }
234 silly addNameRange versions [ 'jquery.cookie', [ '1.4.1' ] ]
235 silly addNamed jquery.cookie@1.4.1
236 verbose addNamed "1.4.1" is a plain semver version for jquery.cookie
237 silly addNameRange number 2 { name: 'pubsub-js', range: '>=1.5.2 <2.0.0', hasData: true }
238 silly addNameRange versions [ 'pubsub-js',
238 silly addNameRange   [ '1.3.4',
238 silly addNameRange     '1.3.5',
238 silly addNameRange     '1.3.6',
238 silly addNameRange     '1.3.7',
238 silly addNameRange     '1.3.9',
238 silly addNameRange     '1.3.10',
238 silly addNameRange     '1.4.0',
238 silly addNameRange     '1.4.1',
238 silly addNameRange     '1.4.2',
238 silly addNameRange     '1.5.0',
238 silly addNameRange     '1.5.1',
238 silly addNameRange     '1.5.2',
238 silly addNameRange     '1.5.3' ] ]
239 silly addNamed pubsub-js@1.5.3
240 verbose addNamed "1.5.3" is a plain semver version for pubsub-js
241 silly cache afterAdd jquery-deparam@0.1.0
242 verbose afterAdd /Users/erikapheby/.npm/jquery-deparam/0.1.0/package/package.json not in flight; writing
243 verbose correctMkdir /Users/erikapheby/.npm correctMkdir not in flight; initializing
244 silly cache afterAdd jquery.cookie@1.4.1
245 verbose afterAdd /Users/erikapheby/.npm/jquery.cookie/1.4.1/package/package.json not in flight; writing
246 verbose correctMkdir /Users/erikapheby/.npm correctMkdir not in flight; initializing
247 silly cache afterAdd pubsub-js@1.5.3
248 verbose afterAdd /Users/erikapheby/.npm/pubsub-js/1.5.3/package/package.json not in flight; writing
249 verbose correctMkdir /Users/erikapheby/.npm correctMkdir not in flight; initializing
250 verbose afterAdd /Users/erikapheby/.npm/jquery-deparam/0.1.0/package/package.json written
251 verbose afterAdd /Users/erikapheby/.npm/pubsub-js/1.5.3/package/package.json written
252 verbose afterAdd /Users/erikapheby/.npm/jquery.cookie/1.4.1/package/package.json written
253 silly install resolved [ { name: 'jquery-deparam',
253 silly install resolved     version: '0.1.0',
253 silly install resolved     description: 'Inverse of jQuery\'s $.param method to convert a querystring into a javascript object',
253 silly install resolved     main: 'jquery-deparam.js',
253 silly install resolved     scripts: { test: 'mocha test' },
253 silly install resolved     repository:
253 silly install resolved      { type: 'git',
253 silly install resolved        url: 'git+https://github.com/AceMetrix/jquery-deparam.git' },
253 silly install resolved     keywords: [ 'jquery', 'deparam', 'param', 'querystring' ],
253 silly install resolved     author: { name: 'Duncan Wong', email: 'baduncaduncan@gmail.com' },
253 silly install resolved     license: 'MIT',
253 silly install resolved     devDependencies: { mocha: '~1.12.0', chai: '~1.7.2', jquery: '~1.8.3' },
253 silly install resolved     _id: 'jquery-deparam@0.1.0',
253 silly install resolved     dist:
253 silly install resolved      { shasum: 'eaa60c1699fab7637d1acb8d2a08c72d095a0b96',
253 silly install resolved        tarball: 'https://registry.npmjs.org/jquery-deparam/-/jquery-deparam-0.1.0.tgz' },
253 silly install resolved     _from: 'jquery-deparam@>=0.1.0 <0.2.0',
253 silly install resolved     _npmVersion: '1.2.18',
253 silly install resolved     _npmUser: { name: 'badunk', email: 'baduncaduncan@gmail.com' },
253 silly install resolved     maintainers: [ [Object] ],
253 silly install resolved     directories: {},
253 silly install resolved     _shasum: 'eaa60c1699fab7637d1acb8d2a08c72d095a0b96',
253 silly install resolved     _resolved: 'https://registry.npmjs.org/jquery-deparam/-/jquery-deparam-0.1.0.tgz',
253 silly install resolved     bugs: { url: 'https://github.com/AceMetrix/jquery-deparam/issues' },
253 silly install resolved     readme: 'ERROR: No README data found!',
253 silly install resolved     homepage: 'https://github.com/AceMetrix/jquery-deparam#readme' },
253 silly install resolved   { name: 'pubsub-js',
253 silly install resolved     version: '1.5.3',
253 silly install resolved     description: 'Dependency free publish/subscribe library',
253 silly install resolved     main: './src/pubsub.js',
253 silly install resolved     directories: { lib: 'src', test: 'test' },
253 silly install resolved     scripts:
253 silly install resolved      { lint: '$(npm bin)/jslint src/**/*.js test/**/*.js',
253 silly install resolved        test: 'npm run lint && $(npm bin)/grunt test' },
253 silly install resolved     repository: { type: 'git', url: 'git://github.com/mroderick/PubSubJS.git' },
253 silly install resolved     keywords:
253 silly install resolved      [ 'pub/sub',
253 silly install resolved        'pubsub',
253 silly install resolved        'publish/subscribe',
253 silly install resolved        'publish',
253 silly install resolved        'subscribe' ],
253 silly install resolved     author:
253 silly install resolved      { name: 'Morgan Roderick',
253 silly install resolved        email: 'morgan@roderick.dk',
253 silly install resolved        url: 'http://roderick.dk' },
253 silly install resolved     license: 'MIT',
253 silly install resolved     devDependencies:
253 silly install resolved      { buster: '0.7.18',
253 silly install resolved        grunt: '0.4.5',
253 silly install resolved        'grunt-buster': '0.3.2',
253 silly install resolved        'grunt-cli': '0.1.13',
253 silly install resolved        'grunt-contrib-concat': '0.5.0',
253 silly install resolved        jslint: '0.7.2',
253 silly install resolved        phantomjs: '1.9.13' },
253 silly install resolved     gitHead: '9f5b9e5c4d63a384e04a3f36cde8fc39dc234933',
253 silly install resolved     bugs: { url: 'https://github.com/mroderick/PubSubJS/issues' },
253 silly install resolved     homepage: 'https://github.com/mroderick/PubSubJS#readme',
253 silly install resolved     _id: 'pubsub-js@1.5.3',
253 silly install resolved     _shasum: 'c4fc2aecf81da0313da1a64105f63c2285dc94cd',
253 silly install resolved     _from: 'pubsub-js@>=1.5.2 <2.0.0',
253 silly install resolved     _npmVersion: '2.14.1',
253 silly install resolved     _nodeVersion: '0.10.40',
253 silly install resolved     _npmUser: { name: 'mrgnrdrck', email: 'morgan@roderick.dk' },
253 silly install resolved     maintainers: [ [Object] ],
253 silly install resolved     dist:
253 silly install resolved      { shasum: 'c4fc2aecf81da0313da1a64105f63c2285dc94cd',
253 silly install resolved        tarball: 'https://registry.npmjs.org/pubsub-js/-/pubsub-js-1.5.3.tgz' },
253 silly install resolved     _resolved: 'https://registry.npmjs.org/pubsub-js/-/pubsub-js-1.5.3.tgz',
253 silly install resolved     readme: 'ERROR: No README data found!' },
253 silly install resolved   { name: 'jquery.cookie',
253 silly install resolved     version: '1.4.1',
253 silly install resolved     description: 'A simple, lightweight jQuery plugin for reading, writing and deleting cookies.',
253 silly install resolved     main: 'jquery.cookie.js',
253 silly install resolved     directories: { test: 'test' },
253 silly install resolved     scripts: { test: 'grunt' },
253 silly install resolved     repository:
253 silly install resolved      { type: 'git',
253 silly install resolved        url: 'git://github.com/carhartl/jquery-cookie.git' },
253 silly install resolved     author: { name: 'Klaus Hartl' },
253 silly install resolved     license: 'MIT',
253 silly install resolved     gitHead: 'bd3c9713222bace68d25fe2128c0f8633cad1269',
253 silly install resolved     devDependencies:
253 silly install resolved      { grunt: '~0.4.1',
253 silly install resolved        'grunt-contrib-jshint': '~0.4.0',
253 silly install resolved        'grunt-contrib-uglify': '~0.2.0',
253 silly install resolved        'grunt-contrib-qunit': '~0.2.0',
253 silly install resolved        'grunt-contrib-watch': '~0.3.0',
253 silly install resolved        'grunt-compare-size': '~0.4.0',
253 silly install resolved        'grunt-saucelabs': '~4.1.1',
253 silly install resolved        'grunt-contrib-connect': '~0.5.0',
253 silly install resolved        'gzip-js': '~0.3.0' },
253 silly install resolved     volo: { url: 'https://raw.github.com/carhartl/jquery-cookie/v{version}/jquery.cookie.js' },
253 silly install resolved     jspm: { main: 'jquery.cookie', files: [Object], buildConfig: [Object] },
253 silly install resolved     jam:
253 silly install resolved      { dependencies: [Object],
253 silly install resolved        main: 'jquery.cookie.js',
253 silly install resolved        include: [Object] },
253 silly install resolved     bugs: { url: 'https://github.com/carhartl/jquery-cookie/issues' },
253 silly install resolved     homepage: 'https://github.com/carhartl/jquery-cookie',
253 silly install resolved     _id: 'jquery.cookie@1.4.1',
253 silly install resolved     dist:
253 silly install resolved      { shasum: 'd63dce209eab691fe63316db08ca9e47e0f9385b',
253 silly install resolved        tarball: 'https://registry.npmjs.org/jquery.cookie/-/jquery.cookie-1.4.1.tgz' },
253 silly install resolved     _from: 'jquery.cookie@>=1.4.1 <2.0.0',
253 silly install resolved     _npmVersion: '1.4.6',
253 silly install resolved     _npmUser: { name: 'carhartl', email: 'klaus.hartl@gmail.com' },
253 silly install resolved     maintainers: [ [Object] ],
253 silly install resolved     _shasum: 'd63dce209eab691fe63316db08ca9e47e0f9385b',
253 silly install resolved     _resolved: 'https://registry.npmjs.org/jquery.cookie/-/jquery.cookie-1.4.1.tgz',
253 silly install resolved     readme: 'ERROR: No README data found!' } ]
254 info install jquery-deparam@0.1.0 into /Users/erikapheby/Projects/eco-nnect/react_frontend
255 info install pubsub-js@1.5.3 into /Users/erikapheby/Projects/eco-nnect/react_frontend
256 info install jquery.cookie@1.4.1 into /Users/erikapheby/Projects/eco-nnect/react_frontend
257 info installOne jquery-deparam@0.1.0
258 verbose installOne of jquery-deparam to /Users/erikapheby/Projects/eco-nnect/react_frontend not in flight; installing
259 verbose correctMkdir /Users/erikapheby/.npm/_locks correctMkdir not in flight; initializing
260 info installOne pubsub-js@1.5.3
261 verbose installOne of pubsub-js to /Users/erikapheby/Projects/eco-nnect/react_frontend not in flight; installing
262 verbose correctMkdir /Users/erikapheby/.npm/_locks correctMkdir already in flight; waiting
263 info installOne jquery.cookie@1.4.1
264 verbose installOne of jquery.cookie to /Users/erikapheby/Projects/eco-nnect/react_frontend not in flight; installing
265 verbose correctMkdir /Users/erikapheby/.npm/_locks correctMkdir already in flight; waiting
266 verbose lock using /Users/erikapheby/.npm/_locks/jquery-deparam-0cf2142270d06109.lock for /Users/erikapheby/Projects/eco-nnect/react_frontend/node_modules/jquery-deparam
267 verbose lock using /Users/erikapheby/.npm/_locks/pubsub-js-83eaec45c6536a19.lock for /Users/erikapheby/Projects/eco-nnect/react_frontend/node_modules/pubsub-js
268 verbose lock using /Users/erikapheby/.npm/_locks/jquery-cookie-b970619b8630b1ab.lock for /Users/erikapheby/Projects/eco-nnect/react_frontend/node_modules/jquery.cookie
269 silly install write writing jquery-deparam 0.1.0 to /Users/erikapheby/Projects/eco-nnect/react_frontend/node_modules/jquery-deparam
270 silly install write writing pubsub-js 1.5.3 to /Users/erikapheby/Projects/eco-nnect/react_frontend/node_modules/pubsub-js
271 silly install write writing jquery.cookie 1.4.1 to /Users/erikapheby/Projects/eco-nnect/react_frontend/node_modules/jquery.cookie
272 verbose unbuild node_modules/jquery-deparam
273 verbose unbuild node_modules/pubsub-js
274 verbose unbuild node_modules/jquery.cookie
275 silly gentlyRm /Users/erikapheby/Projects/eco-nnect/react_frontend/node_modules/jquery-deparam is being purged from base /Users/erikapheby/Projects/eco-nnect/react_frontend
276 verbose gentlyRm don't care about contents; nuking /Users/erikapheby/Projects/eco-nnect/react_frontend/node_modules/jquery-deparam
277 silly gentlyRm /Users/erikapheby/Projects/eco-nnect/react_frontend/node_modules/pubsub-js is being purged from base /Users/erikapheby/Projects/eco-nnect/react_frontend
278 verbose gentlyRm don't care about contents; nuking /Users/erikapheby/Projects/eco-nnect/react_frontend/node_modules/pubsub-js
279 silly gentlyRm /Users/erikapheby/Projects/eco-nnect/react_frontend/node_modules/jquery.cookie is being purged from base /Users/erikapheby/Projects/eco-nnect/react_frontend
280 verbose gentlyRm don't care about contents; nuking /Users/erikapheby/Projects/eco-nnect/react_frontend/node_modules/jquery.cookie
281 verbose tar unpack /Users/erikapheby/.npm/jquery-deparam/0.1.0/package.tgz
282 verbose tar unpacking to /Users/erikapheby/Projects/eco-nnect/react_frontend/node_modules/jquery-deparam
283 silly gentlyRm /Users/erikapheby/Projects/eco-nnect/react_frontend/node_modules/jquery-deparam is being purged
284 verbose gentlyRm don't care about contents; nuking /Users/erikapheby/Projects/eco-nnect/react_frontend/node_modules/jquery-deparam
285 verbose tar unpack /Users/erikapheby/.npm/pubsub-js/1.5.3/package.tgz
286 verbose tar unpacking to /Users/erikapheby/Projects/eco-nnect/react_frontend/node_modules/pubsub-js
287 silly gentlyRm /Users/erikapheby/Projects/eco-nnect/react_frontend/node_modules/pubsub-js is being purged
288 verbose gentlyRm don't care about contents; nuking /Users/erikapheby/Projects/eco-nnect/react_frontend/node_modules/pubsub-js
289 verbose tar unpack /Users/erikapheby/.npm/jquery.cookie/1.4.1/package.tgz
290 verbose tar unpacking to /Users/erikapheby/Projects/eco-nnect/react_frontend/node_modules/jquery.cookie
291 silly gentlyRm /Users/erikapheby/Projects/eco-nnect/react_frontend/node_modules/jquery.cookie is being purged
292 verbose gentlyRm don't care about contents; nuking /Users/erikapheby/Projects/eco-nnect/react_frontend/node_modules/jquery.cookie
293 silly gunzTarPerm modes [ '755', '644' ]
294 silly gunzTarPerm modes [ '755', '644' ]
295 silly gunzTarPerm modes [ '755', '644' ]
296 silly gunzTarPerm extractEntry package.json
297 silly gunzTarPerm extractEntry package.json
298 silly gunzTarPerm extractEntry package.json
299 silly gunzTarPerm extractEntry .npmignore
300 silly gunzTarPerm extractEntry README.md
301 silly gunzTarPerm extractEntry .npmignore
302 silly gunzTarPerm extractEntry README.md
303 silly gunzTarPerm extractEntry .npmignore
304 silly gunzTarPerm extractEntry README.md
305 silly gunzTarPerm extractEntry LICENSE
306 silly gunzTarPerm extractEntry jquery-deparam.js
307 silly gunzTarPerm extractEntry Gruntfile.js
308 silly gunzTarPerm extractEntry jquery.cookie.js
309 silly gunzTarPerm extractEntry Gruntfile.js
310 silly gunzTarPerm extractEntry autolint.js
311 silly gunzTarPerm extractEntry MIT-LICENSE.txt
312 silly gunzTarPerm extractEntry .jshintrc
313 silly gunzTarPerm extractEntry .tm_properties
314 silly gunzTarPerm extractEntry .travis.yml
315 silly gunzTarPerm extractEntry bower.json
316 silly gunzTarPerm extractEntry component.json
317 silly gunzTarPerm extractEntry cookie.jquery.json
318 silly gunzTarPerm extractEntry CHANGELOG.md
319 silly gunzTarPerm extractEntry CONTRIBUTING.md
320 silly gunzTarPerm extractEntry test/server.js
321 silly gunzTarPerm extractEntry test/tests.js
322 silly gunzTarPerm extractEntry test/index.html
323 silly gunzTarPerm extractEntry test/malformed_cookie.html
324 silly gunzTarPerm extractEntry bower.json
325 silly gunzTarPerm extractEntry test/jquery-deparam.specs.js
326 silly gunzTarPerm extractEntry bower.json
327 silly gunzTarPerm extractEntry .jslintrc
328 silly gunzTarPerm extractEntry Rakefile
329 silly gunzTarPerm extractEntry .travis.yml
330 silly gunzTarPerm extractEntry CONTRIBUTING.md
331 silly gunzTarPerm extractEntry composer.json
332 silly gunzTarPerm extractEntry iframe/pubsub-bridge.js
333 silly gunzTarPerm extractEntry iframe/frame1.html
334 silly gunzTarPerm extractEntry iframe/frame2.html
335 silly gunzTarPerm extractEntry iframe/index.html
336 silly gunzTarPerm extractEntry jquery-integration.html
337 verbose write writing to /Users/erikapheby/Projects/eco-nnect/react_frontend/node_modules/jquery-deparam/package.json
338 silly gunzTarPerm extractEntry lib/jquery-1.7.2.js
339 silly gunzTarPerm extractEntry .editorconfig
340 silly gunzTarPerm extractEntry src/pubsub.js
341 silly gunzTarPerm extractEntry test/buster.js
342 silly gunzTarPerm extractEntry test/helper.js
343 silly gunzTarPerm extractEntry test/test-bug-9.js
344 silly gunzTarPerm extractEntry test/test-clearSubscriptions.js
345 silly gunzTarPerm extractEntry test/test-hierarchical-addressing.js
346 silly gunzTarPerm extractEntry test/test-issue-54.js
347 silly gunzTarPerm extractEntry test/test-jquery-integration.js
348 silly gunzTarPerm extractEntry test/test-publish.js
349 silly gunzTarPerm extractEntry test/test-subscribe.js
350 silly gunzTarPerm extractEntry test/test-unsubscribe.js
351 silly gunzTarPerm extractEntry version
352 silly gunzTarPerm extractEntry wrappers/jquery/pubsub.js.post.txt
353 silly gunzTarPerm extractEntry wrappers/jquery/pubsub.js.pre.txt
354 info preinstall jquery-deparam@0.1.0
355 verbose readDependencies loading dependencies from /Users/erikapheby/Projects/eco-nnect/react_frontend/node_modules/jquery-deparam/package.json
356 verbose readDependencies loading dependencies from /Users/erikapheby/Projects/eco-nnect/react_frontend/node_modules/jquery-deparam/package.json
357 silly install resolved []
358 verbose about to build /Users/erikapheby/Projects/eco-nnect/react_frontend/node_modules/jquery-deparam
359 info build /Users/erikapheby/Projects/eco-nnect/react_frontend/node_modules/jquery-deparam
360 info linkStuff jquery-deparam@0.1.0
361 silly linkStuff jquery-deparam@0.1.0 has /Users/erikapheby/Projects/eco-nnect/react_frontend/node_modules as its parent node_modules
362 verbose linkBins jquery-deparam@0.1.0
363 verbose linkMans jquery-deparam@0.1.0
364 verbose rebuildBundles jquery-deparam@0.1.0
365 info install jquery-deparam@0.1.0
366 info postinstall jquery-deparam@0.1.0
367 verbose unlock done using /Users/erikapheby/.npm/_locks/jquery-deparam-0cf2142270d06109.lock for /Users/erikapheby/Projects/eco-nnect/react_frontend/node_modules/jquery-deparam
368 verbose write writing to /Users/erikapheby/Projects/eco-nnect/react_frontend/node_modules/jquery.cookie/package.json
369 info preinstall jquery.cookie@1.4.1
370 verbose readDependencies loading dependencies from /Users/erikapheby/Projects/eco-nnect/react_frontend/node_modules/jquery.cookie/package.json
371 verbose readDependencies loading dependencies from /Users/erikapheby/Projects/eco-nnect/react_frontend/node_modules/jquery.cookie/package.json
372 silly install resolved []
373 verbose about to build /Users/erikapheby/Projects/eco-nnect/react_frontend/node_modules/jquery.cookie
374 info build /Users/erikapheby/Projects/eco-nnect/react_frontend/node_modules/jquery.cookie
375 info linkStuff jquery.cookie@1.4.1
376 silly linkStuff jquery.cookie@1.4.1 has /Users/erikapheby/Projects/eco-nnect/react_frontend/node_modules as its parent node_modules
377 verbose linkBins jquery.cookie@1.4.1
378 verbose linkMans jquery.cookie@1.4.1
379 verbose rebuildBundles jquery.cookie@1.4.1
380 info install jquery.cookie@1.4.1
381 info postinstall jquery.cookie@1.4.1
382 verbose unlock done using /Users/erikapheby/.npm/_locks/jquery-cookie-b970619b8630b1ab.lock for /Users/erikapheby/Projects/eco-nnect/react_frontend/node_modules/jquery.cookie
383 verbose write writing to /Users/erikapheby/Projects/eco-nnect/react_frontend/node_modules/pubsub-js/package.json
384 info preinstall pubsub-js@1.5.3
385 verbose readDependencies loading dependencies from /Users/erikapheby/Projects/eco-nnect/react_frontend/node_modules/pubsub-js/package.json
386 verbose readDependencies loading dependencies from /Users/erikapheby/Projects/eco-nnect/react_frontend/node_modules/pubsub-js/package.json
387 silly install resolved []
388 verbose about to build /Users/erikapheby/Projects/eco-nnect/react_frontend/node_modules/pubsub-js
389 info build /Users/erikapheby/Projects/eco-nnect/react_frontend/node_modules/pubsub-js
390 info linkStuff pubsub-js@1.5.3
391 silly linkStuff pubsub-js@1.5.3 has /Users/erikapheby/Projects/eco-nnect/react_frontend/node_modules as its parent node_modules
392 verbose linkBins pubsub-js@1.5.3
393 verbose linkMans pubsub-js@1.5.3
394 verbose rebuildBundles pubsub-js@1.5.3
395 info install pubsub-js@1.5.3
396 info postinstall pubsub-js@1.5.3
397 verbose unlock done using /Users/erikapheby/.npm/_locks/pubsub-js-83eaec45c6536a19.lock for /Users/erikapheby/Projects/eco-nnect/react_frontend/node_modules/pubsub-js
398 info build /Users/erikapheby/Projects/eco-nnect/react_frontend
399 info linkStuff econnect@1.0.0
400 silly linkStuff econnect@1.0.0 has /Users/erikapheby/Projects/eco-nnect as its parent node_modules
401 verbose linkBins econnect@1.0.0
402 verbose linkMans econnect@1.0.0
403 verbose rebuildBundles econnect@1.0.0
404 verbose rebuildBundles [ '.DS_Store',
404 verbose rebuildBundles   '.bin',
404 verbose rebuildBundles   'babel-core',
404 verbose rebuildBundles   'babel-jest',
404 verbose rebuildBundles   'babel-loader',
404 verbose rebuildBundles   'babel-preset-jest',
404 verbose rebuildBundles   'babel-preset-react',
404 verbose rebuildBundles   'bootstrap',
404 verbose rebuildBundles   'bootstrap-loader',
404 verbose rebuildBundles   'bootstrap-sass',
404 verbose rebuildBundles   'bootstrap-webpack',
404 verbose rebuildBundles   'bower',
404 verbose rebuildBundles   'css-loader',
404 verbose rebuildBundles   'exports-loader',
404 verbose rebuildBundles   'extract-text-webpack-plugin',
404 verbose rebuildBundles   'file-loader',
404 verbose rebuildBundles   'html-webpack-plugin',
404 verbose rebuildBundles   'http-server',
404 verbose rebuildBundles   'imports-loader',
404 verbose rebuildBundles   'j-toker',
404 verbose rebuildBundles   'jasmine-core',
404 verbose rebuildBundles   'jasmine-node',
404 verbose rebuildBundles   'jest',
404 verbose rebuildBundles   'jest-cli',
404 verbose rebuildBundles   'jquery',
404 verbose rebuildBundles   'jquery-deparam',
404 verbose rebuildBundles   'jquery.cookie',
404 verbose rebuildBundles   'jsuri',
404 verbose rebuildBundles   'karma',
404 verbose rebuildBundles   'karma-chrome-launcher',
404 verbose rebuildBundles   'karma-jasmine',
404 verbose rebuildBundles   'less',
404 verbose rebuildBundles   'less-loader',
404 verbose rebuildBundles   'lodash',
404 verbose rebuildBundles   'node-sass',
404 verbose rebuildBundles   'protractor',
404 verbose rebuildBundles   'pubsub-js',
404 verbose rebuildBundles   'react',
404 verbose rebuildBundles   'react-addons-test-utils',
404 verbose rebuildBundles   'react-dom',
404 verbose rebuildBundles   'react-redux',
404 verbose rebuildBundles   'react-router',
404 verbose rebuildBundles   'react-router-bootstrap',
404 verbose rebuildBundles   'react-router-redux',
404 verbose rebuildBundles   'redux',
404 verbose rebuildBundles   'redux-auth',
404 verbose rebuildBundles   'reqwest',
404 verbose rebuildBundles   'resolve-url-loader',
404 verbose rebuildBundles   'sass-loader',
404 verbose rebuildBundles   'style-loader',
404 verbose rebuildBundles   'url-loader',
404 verbose rebuildBundles   'webpack',
404 verbose rebuildBundles   'webpack-dev-server' ]
405 verbose rebuild bundle /Users/erikapheby/Projects/eco-nnect/react_frontend/node_modules/bootstrap
406 info build /Users/erikapheby/Projects/eco-nnect/react_frontend/node_modules/bootstrap
407 info preinstall bootstrap@3.3.7
408 info linkStuff bootstrap@3.3.7
409 silly linkStuff bootstrap@3.3.7 has /Users/erikapheby/Projects/eco-nnect/react_frontend/node_modules as its parent node_modules
410 verbose linkBins bootstrap@3.3.7
411 verbose linkMans bootstrap@3.3.7
412 verbose rebuildBundles bootstrap@3.3.7
413 info install bootstrap@3.3.7
414 info postinstall bootstrap@3.3.7
415 verbose rebuild bundle /Users/erikapheby/Projects/eco-nnect/react_frontend/node_modules/bootstrap-loader
416 info build /Users/erikapheby/Projects/eco-nnect/react_frontend/node_modules/bootstrap-loader
417 info preinstall bootstrap-loader@2.0.0-beta.2
418 info linkStuff bootstrap-loader@2.0.0-beta.2
419 silly linkStuff bootstrap-loader@2.0.0-beta.2 has /Users/erikapheby/Projects/eco-nnect/react_frontend/node_modules as its parent node_modules
420 verbose linkBins bootstrap-loader@2.0.0-beta.2
421 verbose linkMans bootstrap-loader@2.0.0-beta.2
422 verbose rebuildBundles bootstrap-loader@2.0.0-beta.2
423 verbose rebuildBundles [ '.bin',
423 verbose rebuildBundles   'chalk',
423 verbose rebuildBundles   'escape-regexp',
423 verbose rebuildBundles   'js-yaml',
423 verbose rebuildBundles   'loader-utils',
423 verbose rebuildBundles   'resolve',
423 verbose rebuildBundles   'semver',
423 verbose rebuildBundles   'strip-json-comments' ]
424 info install bootstrap-loader@2.0.0-beta.2
425 info postinstall bootstrap-loader@2.0.0-beta.2
426 verbose rebuild bundle /Users/erikapheby/Projects/eco-nnect/react_frontend/node_modules/bootstrap-sass
427 info build /Users/erikapheby/Projects/eco-nnect/react_frontend/node_modules/bootstrap-sass
428 info preinstall bootstrap-sass@3.3.7
429 info linkStuff bootstrap-sass@3.3.7
430 silly linkStuff bootstrap-sass@3.3.7 has /Users/erikapheby/Projects/eco-nnect/react_frontend/node_modules as its parent node_modules
431 verbose linkBins bootstrap-sass@3.3.7
432 verbose linkMans bootstrap-sass@3.3.7
433 verbose rebuildBundles bootstrap-sass@3.3.7
434 info install bootstrap-sass@3.3.7
435 info postinstall bootstrap-sass@3.3.7
436 verbose rebuild bundle /Users/erikapheby/Projects/eco-nnect/react_frontend/node_modules/bootstrap-webpack
437 info build /Users/erikapheby/Projects/eco-nnect/react_frontend/node_modules/bootstrap-webpack
438 info preinstall bootstrap-webpack@0.0.5
439 info linkStuff bootstrap-webpack@0.0.5
440 silly linkStuff bootstrap-webpack@0.0.5 has /Users/erikapheby/Projects/eco-nnect/react_frontend/node_modules as its parent node_modules
441 verbose linkBins bootstrap-webpack@0.0.5
442 verbose linkMans bootstrap-webpack@0.0.5
443 verbose rebuildBundles bootstrap-webpack@0.0.5
444 info install bootstrap-webpack@0.0.5
445 info postinstall bootstrap-webpack@0.0.5
446 verbose rebuild bundle /Users/erikapheby/Projects/eco-nnect/react_frontend/node_modules/exports-loader
447 info build /Users/erikapheby/Projects/eco-nnect/react_frontend/node_modules/exports-loader
448 info preinstall exports-loader@0.6.3
449 info linkStuff exports-loader@0.6.3
450 silly linkStuff exports-loader@0.6.3 has /Users/erikapheby/Projects/eco-nnect/react_frontend/node_modules as its parent node_modules
451 verbose linkBins exports-loader@0.6.3
452 verbose linkMans exports-loader@0.6.3
453 verbose rebuildBundles exports-loader@0.6.3
454 verbose rebuildBundles [ 'loader-utils', 'source-map' ]
455 info install exports-loader@0.6.3
456 info postinstall exports-loader@0.6.3
457 verbose rebuild bundle /Users/erikapheby/Projects/eco-nnect/react_frontend/node_modules/extract-text-webpack-plugin
458 info build /Users/erikapheby/Projects/eco-nnect/react_frontend/node_modules/extract-text-webpack-plugin
459 info preinstall extract-text-webpack-plugin@1.0.1
460 info linkStuff extract-text-webpack-plugin@1.0.1
461 silly linkStuff extract-text-webpack-plugin@1.0.1 has /Users/erikapheby/Projects/eco-nnect/react_frontend/node_modules as its parent node_modules
462 verbose linkBins extract-text-webpack-plugin@1.0.1
463 verbose linkMans extract-text-webpack-plugin@1.0.1
464 verbose rebuildBundles extract-text-webpack-plugin@1.0.1
465 verbose rebuildBundles [ 'async', 'loader-utils', 'webpack-sources' ]
466 info install extract-text-webpack-plugin@1.0.1
467 info postinstall extract-text-webpack-plugin@1.0.1
468 verbose rebuild bundle /Users/erikapheby/Projects/eco-nnect/react_frontend/node_modules/file-loader
469 info build /Users/erikapheby/Projects/eco-nnect/react_frontend/node_modules/file-loader
470 info preinstall file-loader@0.9.0
471 info linkStuff file-loader@0.9.0
472 silly linkStuff file-loader@0.9.0 has /Users/erikapheby/Projects/eco-nnect/react_frontend/node_modules as its parent node_modules
473 verbose linkBins file-loader@0.9.0
474 verbose linkMans file-loader@0.9.0
475 verbose rebuildBundles file-loader@0.9.0
476 verbose rebuildBundles [ 'loader-utils' ]
477 info install file-loader@0.9.0
478 info postinstall file-loader@0.9.0
479 verbose rebuild bundle /Users/erikapheby/Projects/eco-nnect/react_frontend/node_modules/imports-loader
480 info build /Users/erikapheby/Projects/eco-nnect/react_frontend/node_modules/imports-loader
481 info preinstall imports-loader@0.6.5
482 info linkStuff imports-loader@0.6.5
483 silly linkStuff imports-loader@0.6.5 has /Users/erikapheby/Projects/eco-nnect/react_frontend/node_modules as its parent node_modules
484 verbose linkBins imports-loader@0.6.5
485 verbose linkMans imports-loader@0.6.5
486 verbose rebuildBundles imports-loader@0.6.5
487 verbose rebuildBundles [ 'loader-utils', 'source-map' ]
488 info install imports-loader@0.6.5
489 info postinstall imports-loader@0.6.5
490 verbose rebuild bundle /Users/erikapheby/Projects/eco-nnect/react_frontend/node_modules/jest
491 info build /Users/erikapheby/Projects/eco-nnect/react_frontend/node_modules/jest
492 info preinstall jest@13.2.3
493 info linkStuff jest@13.2.3
494 silly linkStuff jest@13.2.3 has /Users/erikapheby/Projects/eco-nnect/react_frontend/node_modules as its parent node_modules
495 verbose linkBins jest@13.2.3
496 verbose link bins [ { jest: './bin/jest.js' },
496 verbose link bins   '/Users/erikapheby/Projects/eco-nnect/react_frontend/node_modules/.bin',
496 verbose link bins   false ]
497 verbose linkMans jest@13.2.3
498 verbose rebuildBundles jest@13.2.3
499 silly gentlyRm /Users/erikapheby/Projects/eco-nnect/react_frontend/node_modules/.bin/jest is being purged
500 verbose gentlyRm don't care about contents; nuking /Users/erikapheby/Projects/eco-nnect/react_frontend/node_modules/.bin/jest
501 silly vacuum-fs purging /Users/erikapheby/Projects/eco-nnect/react_frontend/node_modules/.bin/jest
502 silly vacuum-fs quitting because other entries in /Users/erikapheby/Projects/eco-nnect/react_frontend/node_modules/.bin
503 info install jest@13.2.3
504 info postinstall jest@13.2.3
505 verbose rebuild bundle /Users/erikapheby/Projects/eco-nnect/react_frontend/node_modules/node-sass
506 info build /Users/erikapheby/Projects/eco-nnect/react_frontend/node_modules/node-sass
507 info preinstall node-sass@3.8.0
508 info linkStuff node-sass@3.8.0
509 silly linkStuff node-sass@3.8.0 has /Users/erikapheby/Projects/eco-nnect/react_frontend/node_modules as its parent node_modules
510 verbose linkBins node-sass@3.8.0
511 verbose link bins [ { 'node-sass': 'bin/node-sass' },
511 verbose link bins   '/Users/erikapheby/Projects/eco-nnect/react_frontend/node_modules/.bin',
511 verbose link bins   false ]
512 verbose linkMans node-sass@3.8.0
513 verbose rebuildBundles node-sass@3.8.0
514 silly gentlyRm /Users/erikapheby/Projects/eco-nnect/react_frontend/node_modules/.bin/node-sass is being purged
515 verbose gentlyRm don't care about contents; nuking /Users/erikapheby/Projects/eco-nnect/react_frontend/node_modules/.bin/node-sass
516 silly vacuum-fs purging /Users/erikapheby/Projects/eco-nnect/react_frontend/node_modules/.bin/node-sass
517 verbose rebuildBundles [ '.bin',
517 verbose rebuildBundles   'async-foreach',
517 verbose rebuildBundles   'chalk',
517 verbose rebuildBundles   'cross-spawn',
517 verbose rebuildBundles   'gaze',
517 verbose rebuildBundles   'get-stdin',
517 verbose rebuildBundles   'glob',
517 verbose rebuildBundles   'in-publish',
517 verbose rebuildBundles   'lodash.clonedeep',
517 verbose rebuildBundles   'meow',
517 verbose rebuildBundles   'mkdirp',
517 verbose rebuildBundles   'nan',
517 verbose rebuildBundles   'node-gyp',
517 verbose rebuildBundles   'request',
517 verbose rebuildBundles   'sass-graph' ]
518 silly vacuum-fs quitting because other entries in /Users/erikapheby/Projects/eco-nnect/react_frontend/node_modules/.bin
519 info install node-sass@3.8.0
520 verbose unsafe-perm in lifecycle true
521 info postinstall node-sass@3.8.0
522 verbose unsafe-perm in lifecycle true
523 verbose rebuild bundle /Users/erikapheby/Projects/eco-nnect/react_frontend/node_modules/react-redux
524 info build /Users/erikapheby/Projects/eco-nnect/react_frontend/node_modules/react-redux
525 info preinstall react-redux@4.4.5
526 info linkStuff react-redux@4.4.5
527 silly linkStuff react-redux@4.4.5 has /Users/erikapheby/Projects/eco-nnect/react_frontend/node_modules as its parent node_modules
528 verbose linkBins react-redux@4.4.5
529 verbose linkMans react-redux@4.4.5
530 verbose rebuildBundles react-redux@4.4.5
531 verbose rebuildBundles [ '.bin', 'hoist-non-react-statics', 'invariant', 'loose-envify' ]
532 info install react-redux@4.4.5
533 info postinstall react-redux@4.4.5
534 verbose rebuild bundle /Users/erikapheby/Projects/eco-nnect/react_frontend/node_modules/react-router-bootstrap
535 info build /Users/erikapheby/Projects/eco-nnect/react_frontend/node_modules/react-router-bootstrap
536 info preinstall react-router-bootstrap@0.23.1
537 info linkStuff react-router-bootstrap@0.23.1
538 silly linkStuff react-router-bootstrap@0.23.1 has /Users/erikapheby/Projects/eco-nnect/react_frontend/node_modules as its parent node_modules
539 verbose linkBins react-router-bootstrap@0.23.1
540 verbose linkMans react-router-bootstrap@0.23.1
541 verbose rebuildBundles react-router-bootstrap@0.23.1
542 verbose rebuildBundles [ 'history' ]
543 info install react-router-bootstrap@0.23.1
544 info postinstall react-router-bootstrap@0.23.1
545 verbose rebuild bundle /Users/erikapheby/Projects/eco-nnect/react_frontend/node_modules/react-router-redux
546 info build /Users/erikapheby/Projects/eco-nnect/react_frontend/node_modules/react-router-redux
547 info preinstall react-router-redux@4.0.5
548 info linkStuff react-router-redux@4.0.5
549 silly linkStuff react-router-redux@4.0.5 has /Users/erikapheby/Projects/eco-nnect/react_frontend/node_modules as its parent node_modules
550 verbose linkBins react-router-redux@4.0.5
551 verbose linkMans react-router-redux@4.0.5
552 verbose rebuildBundles react-router-redux@4.0.5
553 info install react-router-redux@4.0.5
554 info postinstall react-router-redux@4.0.5
555 verbose rebuild bundle /Users/erikapheby/Projects/eco-nnect/react_frontend/node_modules/redux
556 info build /Users/erikapheby/Projects/eco-nnect/react_frontend/node_modules/redux
557 info preinstall redux@3.2.1
558 info linkStuff redux@3.2.1
559 silly linkStuff redux@3.2.1 has /Users/erikapheby/Projects/eco-nnect/react_frontend/node_modules as its parent node_modules
560 verbose linkBins redux@3.2.1
561 verbose linkMans redux@3.2.1
562 verbose rebuildBundles redux@3.2.1
563 verbose rebuildBundles [ '.bin', 'loose-envify' ]
564 info install redux@3.2.1
565 info postinstall redux@3.2.1
566 verbose rebuild bundle /Users/erikapheby/Projects/eco-nnect/react_frontend/node_modules/redux-auth
567 info build /Users/erikapheby/Projects/eco-nnect/react_frontend/node_modules/redux-auth
568 info preinstall redux-auth@0.0.5-beta2
569 info linkStuff redux-auth@0.0.5-beta2
570 silly linkStuff redux-auth@0.0.5-beta2 has /Users/erikapheby/Projects/eco-nnect/react_frontend/node_modules as its parent node_modules
571 verbose linkBins redux-auth@0.0.5-beta2
572 verbose linkMans redux-auth@0.0.5-beta2
573 verbose rebuildBundles redux-auth@0.0.5-beta2
574 verbose rebuildBundles [ 'browser-cookies',
574 verbose rebuildBundles   'classnames',
574 verbose rebuildBundles   'cookie',
574 verbose rebuildBundles   'extend',
574 verbose rebuildBundles   'immutable',
574 verbose rebuildBundles   'isomorphic-fetch',
574 verbose rebuildBundles   'query-string',
574 verbose rebuildBundles   'rc-dialog',
574 verbose rebuildBundles   'react-bootstrap',
574 verbose rebuildBundles   'react-loader',
574 verbose rebuildBundles   'redux-immutablejs' ]
575 info install redux-auth@0.0.5-beta2
576 info postinstall redux-auth@0.0.5-beta2
577 verbose rebuild bundle /Users/erikapheby/Projects/eco-nnect/react_frontend/node_modules/resolve-url-loader
578 info build /Users/erikapheby/Projects/eco-nnect/react_frontend/node_modules/resolve-url-loader
579 info preinstall resolve-url-loader@1.6.0
580 info linkStuff resolve-url-loader@1.6.0
581 silly linkStuff resolve-url-loader@1.6.0 has /Users/erikapheby/Projects/eco-nnect/react_frontend/node_modules as its parent node_modules
582 verbose linkBins resolve-url-loader@1.6.0
583 verbose linkMans resolve-url-loader@1.6.0
584 verbose rebuildBundles resolve-url-loader@1.6.0
585 verbose rebuildBundles [ 'camelcase',
585 verbose rebuildBundles   'convert-source-map',
585 verbose rebuildBundles   'loader-utils',
585 verbose rebuildBundles   'lodash.defaults',
585 verbose rebuildBundles   'rework',
585 verbose rebuildBundles   'rework-visit',
585 verbose rebuildBundles   'source-map',
585 verbose rebuildBundles   'urix' ]
586 info install resolve-url-loader@1.6.0
587 info postinstall resolve-url-loader@1.6.0
588 info install econnect@1.0.0
589 info postinstall econnect@1.0.0
590 info prepublish econnect@1.0.0
591 verbose validateInstall loading /Users/erikapheby/Projects/eco-nnect/react_frontend/package.json for validation
592 verbose stack Error: The package extract-text-webpack-plugin@1.0.1 does not satisfy its siblings' peerDependencies requirements!
592 verbose stack     at /usr/local/lib/node_modules/npm/lib/install.js:125:32
592 verbose stack     at /usr/local/lib/node_modules/npm/lib/install.js:268:7
592 verbose stack     at /usr/local/lib/node_modules/npm/node_modules/read-installed/read-installed.js:142:5
592 verbose stack     at /usr/local/lib/node_modules/npm/node_modules/read-installed/read-installed.js:263:14
592 verbose stack     at cb (/usr/local/lib/node_modules/npm/node_modules/slide/lib/async-map.js:47:24)
592 verbose stack     at /usr/local/lib/node_modules/npm/node_modules/read-installed/read-installed.js:263:14
592 verbose stack     at cb (/usr/local/lib/node_modules/npm/node_modules/slide/lib/async-map.js:47:24)
592 verbose stack     at /usr/local/lib/node_modules/npm/node_modules/read-installed/read-installed.js:263:14
592 verbose stack     at cb (/usr/local/lib/node_modules/npm/node_modules/slide/lib/async-map.js:47:24)
592 verbose stack     at /usr/local/lib/node_modules/npm/node_modules/read-installed/read-installed.js:263:14
593 verbose cwd /Users/erikapheby/Projects/eco-nnect/react_frontend
594 error Darwin 15.4.0
595 error argv "/usr/local/bin/node" "/usr/local/bin/npm" "install"
596 error node v4.4.1
597 error npm  v2.14.20
598 error code EPEERINVALID
599 error peerinvalid The package extract-text-webpack-plugin@1.0.1 does not satisfy its siblings' peerDependencies requirements!
599 error peerinvalid Peer bootstrap-webpack@0.0.5 wants extract-text-webpack-plugin@>=0.3.8
599 error peerinvalid Peer bootstrap-loader@2.0.0-beta.2 wants extract-text-webpack-plugin@>=2.0.0-beta
600 verbose exit [ 1, true ]
